<?xml version="1.0" encoding="UTF-8"?>
<!-- Generated by org.testng.reporters.JUnitReportReporter -->
<testsuite hostname="EGIT230316.local" failures="0" tests="1" name="Features.TestNGTestRunner" time="12.238" errors="0" timestamp="2025-04-28T12:52:43 HKT" skipped="0">
  <testcase classname="Features.TestNGTestRunner" name="runScenario" time="12.238"/>
</testsuite> <!-- Features.TestNGTestRunner -->
