<?xml version="1.0" encoding="UTF-8"?>
<!-- Generated by org.testng.reporters.JUnitReportReporter -->
<testsuite hostname="EGIT230316.local" failures="0" tests="3" name="Features.TestNGTestRunner" time="118.368" errors="0" timestamp="2025-04-29T10:59:57 HKT" skipped="0">
  <testcase classname="Features.TestNGTestRunner" name="runScenario" time="54.444"/>
  <testcase classname="Features.TestNGTestRunner" name="runScenario" time="33.573"/>
  <testcase classname="Features.TestNGTestRunner" name="runScenario" time="30.351"/>
</testsuite> <!-- Features.TestNGTestRunner -->
