<?xml version="1.0" encoding="UTF-8"?>
<!-- Generated by org.testng.reporters.JUnitReportReporter -->
<testsuite hostname="EGIT230316.local" failures="0" tests="3" name="Features.TestNGTestRunner" time="167.357" errors="0" timestamp="2025-04-28T18:25:55 HKT" skipped="0">
  <testcase classname="Features.TestNGTestRunner" name="runScenario" time="46.472"/>
  <testcase classname="Features.TestNGTestRunner" name="runScenario" time="49.009"/>
  <testcase classname="Features.TestNGTestRunner" name="runScenario" time="71.876"/>
</testsuite> <!-- Features.TestNGTestRunner -->
