<?xml version="1.0" encoding="UTF-8"?>
<!-- Generated by org.testng.reporters.JUnitReportReporter -->
<testsuite hostname="EGIT230316.local" failures="0" tests="1" name="Features.TestNGTestRunner" time="76.300" errors="0" timestamp="2025-03-18T14:47:51 HKT" skipped="0">
  <testcase classname="Features.TestNGTestRunner" name="runScenario" time="76.300"/>
</testsuite> <!-- Features.TestNGTestRunner -->
