<?xml version="1.0" encoding="UTF-8"?>
<!-- Generated by org.testng.reporters.JUnitReportReporter -->
<testsuite hostname="EGIT230316.local" failures="0" tests="3" name="Features.TestNGTestRunner" time="418.777" errors="0" timestamp="2025-04-28T18:52:44 HKT" skipped="0">
  <testcase classname="Features.TestNGTestRunner" name="runScenario" time="50.856"/>
  <testcase classname="Features.TestNGTestRunner" name="runScenario" time="63.141"/>
  <testcase classname="Features.TestNGTestRunner" name="runScenario" time="304.780"/>
</testsuite> <!-- Features.TestNGTestRunner -->
